<?xml version="1.0" encoding="UTF-8"?>
<!-- Generated by org.testng.reporters.JUnitReportReporter -->
<testsuite hostname="DESKTOP-AB4UQ5J" name="com.raiway.TestCase_02_Login_Blank_User" tests="1" failures="0" timestamp="13 Jan 2020 07:44:12 GMT" time="2.626" errors="0">
  <testcase name="TC_02_Login_Blank_User" time="2.626" classname="com.raiway.TestCase_02_Login_Blank_User"/>
</testsuite> <!-- com.raiway.TestCase_02_Login_Blank_User -->
