<?xml version="1.0" encoding="UTF-8"?>
<!-- Generated by org.testng.reporters.JUnitReportReporter -->
<testsuite hostname="DESKTOP-AB4UQ5J" name="com.raiway.TestCase_01_Login_Sucess" tests="1" failures="0" timestamp="13 Jan 2020 14:17:37 GMT" time="4.068" errors="0">
  <testcase name="TC_01_Login_Sucess" time="4.068" classname="com.raiway.TestCase_01_Login_Sucess"/>
</testsuite> <!-- com.raiway.TestCase_01_Login_Sucess -->
