<?xml version="1.0" encoding="UTF-8"?>
<!-- Generated by org.testng.reporters.JUnitReportReporter -->
<testsuite hostname="DESKTOP-AB4UQ5J" name="com.raiway.TestCase_04_Redirect_After_Login" tests="1" failures="0" timestamp="13 Jan 2020 07:54:53 GMT" time="39.876" errors="0">
  <testcase name="TC_04_Redirect_After_Login" time="39.876" classname="com.raiway.TestCase_04_Redirect_After_Login"/>
</testsuite> <!-- com.raiway.TestCase_04_Redirect_After_Login -->
